0 info it worked if it ends with ok
1 verbose cli [ '/home/ubuntu/.nvm/versions/node/v6.11.2/bin/node',
1 verbose cli   '/home/ubuntu/.nvm/versions/node/v6.11.2/bin/npm',
1 verbose cli   'run',
1 verbose cli   'build' ]
2 info using npm@3.10.10
3 info using node@v6.11.2
4 verbose run-script [ 'prebuild', 'build', 'postbuild' ]
5 info lifecycle y@1.0.0~prebuild: y@1.0.0
6 verbose lifecycle y@1.0.0~prebuild: unsafe-perm in lifecycle true
7 verbose lifecycle y@1.0.0~prebuild: PATH: /home/ubuntu/.nvm/versions/node/v6.11.2/lib/node_modules/npm/bin/node-gyp-bin:/home/ubuntu/workspace/node_modules/.bin:/home/ubuntu/.nvm/versions/node/v6.11.2/bin:/usr/local/rvm/gems/ruby-2.4.0/bin:/usr/local/rvm/gems/ruby-2.4.0@global/bin:/usr/local/rvm/rubies/ruby-2.4.0/bin:/mnt/shared/bin:/home/ubuntu/workspace/node_modules/.bin:/home/ubuntu/bin:/usr/local/sbin:/usr/local/bin:/usr/sbin:/usr/bin:/sbin:/bin:/mnt/shared/sbin:/opt/gitl:/opt/go/bin:/mnt/shared/c9/app.nw/bin:/usr/local/rvm/bin
8 verbose lifecycle y@1.0.0~prebuild: CWD: /home/ubuntu/workspace
9 silly lifecycle y@1.0.0~prebuild: Args: [ '-c', 'rm - rf dist' ]
10 silly lifecycle y@1.0.0~prebuild: Returned: code: 1  signal: null
11 info lifecycle y@1.0.0~prebuild: Failed to exec prebuild script
12 verbose stack Error: y@1.0.0 prebuild: `rm - rf dist`
12 verbose stack Exit status 1
12 verbose stack     at EventEmitter.<anonymous> (/home/ubuntu/.nvm/versions/node/v6.11.2/lib/node_modules/npm/lib/utils/lifecycle.js:255:16)
12 verbose stack     at emitTwo (events.js:106:13)
12 verbose stack     at EventEmitter.emit (events.js:191:7)
12 verbose stack     at ChildProcess.<anonymous> (/home/ubuntu/.nvm/versions/node/v6.11.2/lib/node_modules/npm/lib/utils/spawn.js:40:14)
12 verbose stack     at emitTwo (events.js:106:13)
12 verbose stack     at ChildProcess.emit (events.js:191:7)
12 verbose stack     at maybeClose (internal/child_process.js:891:16)
12 verbose stack     at Process.ChildProcess._handle.onexit (internal/child_process.js:226:5)
13 verbose pkgid y@1.0.0
14 verbose cwd /home/ubuntu/workspace/src/assets
15 error Linux 4.9.17-c9
16 error argv "/home/ubuntu/.nvm/versions/node/v6.11.2/bin/node" "/home/ubuntu/.nvm/versions/node/v6.11.2/bin/npm" "run" "build"
17 error node v6.11.2
18 error npm  v3.10.10
19 error code ELIFECYCLE
20 error y@1.0.0 prebuild: `rm - rf dist`
20 error Exit status 1
21 error Failed at the y@1.0.0 prebuild script 'rm - rf dist'.
21 error Make sure you have the latest version of node.js and npm installed.
21 error If you do, this is most likely a problem with the y package,
21 error not with npm itself.
21 error Tell the author that this fails on your system:
21 error     rm - rf dist
21 error You can get information on how to open an issue for this project with:
21 error     npm bugs y
21 error Or if that isn't available, you can get their info via:
21 error     npm owner ls y
21 error There is likely additional logging output above.
22 verbose exit [ 1, true ]
